2016-09-27 11:12:59 INFO     Init module.
2016-09-27 11:12:59 INFO     Using key given by user: 1234
2016-09-27 11:12:59 ERROR    Key not found.
2016-09-27 11:12:59 INFO     Using Some("/Users/MarceColl") as HOME.
2016-09-27 11:13:28 INFO     Init module.
2016-09-27 11:13:28 INFO     Using key given by user: 1234
2016-09-27 11:13:28 ERROR    Key not found.
2016-09-27 11:13:28 INFO     Using "/Users/MarceColl" as HOME.
2016-09-27 11:13:35 INFO     Init module.
2016-09-27 11:13:35 INFO     Using key given by user: 1234
2016-09-27 11:13:35 ERROR    Key not found.
2016-09-27 11:13:35 INFO     Using "/Users/MarceColl" as HOME.
2016-09-27 11:13:53 INFO     Init module.
2016-09-27 11:13:53 INFO     Using key given by user: B4F3B1C4
2016-09-27 11:13:53 INFO     Key found. Key fingerprint: C45D39EC849FA06317E95FE60F74C573B4F3B1C4
2016-09-27 11:13:53 INFO     Using "/Users/MarceColl" as HOME.
2016-09-27 11:16:15 INFO     Init module.
2016-09-27 11:16:15 INFO     Using key given by user: B4F3B1C4
2016-09-27 11:16:15 INFO     Key found. Key fingerprint: C45D39EC849FA06317E95FE60F74C573B4F3B1C4
2016-09-27 11:16:15 INFO     Creating ~/.rusty-keychain.
2016-09-27 11:16:15 INFO     Using "/Users/MarceColl" as HOME.
2016-09-27 11:16:15 INFO     ~/.rusty-keychain already exists. No need to create new.
2016-09-27 11:17:03 INFO     ------------- NEW -------------
2016-09-27 11:17:03 INFO     Init module.
2016-09-27 11:17:03 INFO     Using key given by user: B4F3B1C4
2016-09-27 11:17:03 INFO     Key found. Key fingerprint: C45D39EC849FA06317E95FE60F74C573B4F3B1C4
2016-09-27 11:17:03 INFO     Creating ~/.rusty-keychain.
2016-09-27 11:17:03 INFO     Using "/Users/MarceColl" as HOME.
2016-09-27 11:17:03 INFO     ~/.rusty-keychain already exists. No need to create new.
2016-09-27 11:45:35 INFO     ------------- NEW -------------
2016-09-27 11:45:35 INFO     Init module.
2016-09-27 11:45:35 INFO     Using key given by user: B4F3B1C4
2016-09-27 11:45:35 INFO     Protocol set to OpenPGP
2016-09-27 11:45:36 INFO     Key found. Key fingerprint: C45D39EC849FA06317E95FE60F74C573B4F3B1C4
2016-09-27 11:45:36 INFO     Creating ~/.rusty-keychain.
2016-09-27 11:45:36 INFO     Using "/Users/MarceColl" as HOME.
2016-09-27 11:45:36 INFO     ~/.rusty-keychain already exists. No need to create new.
2016-09-27 11:46:32 INFO     ------------- NEW -------------
2016-09-27 11:46:32 INFO     Init module.
2016-09-27 11:46:32 INFO     Using key given by user: B4F3B1C4
2016-09-27 11:46:32 INFO     gpg context created.
2016-09-27 11:46:32 INFO     Protocol set to OpenPGP
2016-09-27 11:46:32 INFO     Key found. Key fingerprint: C45D39EC849FA06317E95FE60F74C573B4F3B1C4
2016-09-27 11:46:32 INFO     Creating ~/.rusty-keychain.
2016-09-27 11:46:32 INFO     Using "/Users/MarceColl" as HOME.
2016-09-27 11:46:32 INFO     ~/.rusty-keychain already exists. No need to create new.
2016-09-27 11:49:42 INFO     ------------- NEW -------------
2016-09-27 11:49:42 INFO     Init module.
2016-09-27 11:49:42 INFO     Using key given by user: B4F3B1C3
2016-09-27 11:49:43 INFO     gpg context created.
2016-09-27 11:49:43 INFO     Protocol set to OpenPGP
2016-09-27 11:49:43 ERROR    Error while looking for key: End of file
2016-09-27 11:49:43 INFO     Creating ~/.rusty-keychain.
2016-09-27 11:49:43 INFO     Using "/Users/MarceColl" as HOME.
2016-09-27 11:49:43 INFO     ~/.rusty-keychain already exists. No need to create new.
2016-09-27 11:50:38 INFO     ------------- NEW -------------
2016-09-27 11:50:38 INFO     Init module.
2016-09-27 11:50:38 INFO     Using key given by user: B4F3B1C3
2016-09-27 11:50:38 INFO     gpg context created.
2016-09-27 11:50:38 INFO     Protocol set to OpenPGP
2016-09-27 11:50:38 ERROR    Error while looking for key: 16383
2016-09-27 11:50:38 INFO     Creating ~/.rusty-keychain.
2016-09-27 11:50:38 INFO     Using "/Users/MarceColl" as HOME.
2016-09-27 11:50:38 INFO     ~/.rusty-keychain already exists. No need to create new.
2016-09-27 11:55:03 INFO     ------------- NEW -------------
2016-09-27 11:55:03 INFO     Init module.
2016-09-27 11:55:03 INFO     Using key given by user: B4F3B1C3
2016-09-27 11:55:03 INFO     gpg context created.
2016-09-27 11:55:03 INFO     Protocol set to OpenPGP
2016-09-27 11:55:03 INFO     Key List mode set.
2016-09-27 11:55:03 ERROR    Error while looking for key: 16383
2016-09-27 11:55:03 INFO     Creating ~/.rusty-keychain.
2016-09-27 11:55:03 INFO     Using "/Users/MarceColl" as HOME.
2016-09-27 11:55:03 INFO     ~/.rusty-keychain already exists. No need to create new.
2016-09-27 11:55:15 INFO     ------------- NEW -------------
2016-09-27 11:55:15 INFO     Init module.
2016-09-27 11:55:15 INFO     Using key given by user: B4F3B1C4
2016-09-27 11:55:15 INFO     gpg context created.
2016-09-27 11:55:15 INFO     Protocol set to OpenPGP
2016-09-27 11:55:15 INFO     Key List mode set.
2016-09-27 11:55:15 INFO     Key found. Key fingerprint: C45D39EC849FA06317E95FE60F74C573B4F3B1C4
2016-09-27 11:55:15 INFO     Creating ~/.rusty-keychain.
2016-09-27 11:55:15 INFO     Using "/Users/MarceColl" as HOME.
2016-09-27 11:55:15 INFO     ~/.rusty-keychain already exists. No need to create new.
2016-09-27 12:42:20 INFO     ------------- NEW -------------
2016-09-27 12:42:20 INFO     Init module.
2016-09-27 12:42:20 INFO     Using key given by user: B4F3B1C3
2016-09-27 12:42:20 INFO     gpg context created.
2016-09-27 12:42:20 INFO     Protocol set to OpenPGP
2016-09-27 12:42:20 INFO     Key List mode set.
2016-09-27 12:42:20 ERROR    Error while looking for key: End of file
2016-09-27 12:42:20 INFO     Creating ~/.rusty-keychain.
2016-09-27 12:42:20 INFO     Using "/Users/MarceColl" as HOME.
2016-09-27 12:42:20 INFO     ~/.rusty-keychain already exists. No need to create new.
2016-09-28 18:55:34 INFO     ------------- NEW -------------
2016-09-28 18:58:04 INFO     ------------- NEW -------------
2016-09-28 19:02:46 INFO     ------------- NEW -------------
2016-09-28 19:03:40 INFO     ------------- NEW -------------
2016-09-28 19:05:19 INFO     ------------- NEW -------------
2016-09-28 19:06:15 INFO     ------------- NEW -------------
2016-09-28 19:08:26 INFO     ------------- NEW -------------
2016-09-28 19:09:29 INFO     ------------- NEW -------------
2016-09-28 19:13:10 INFO     ------------- NEW -------------
2016-09-28 19:15:12 INFO     ------------- NEW -------------
